<?xml version="1.0" encoding="UTF-8"?>
<!-- Generated by org.testng.reporters.JUnitReportReporter -->
<testsuite skipped="0" hostname="admin" name="com.test.Paytm" tests="1" failures="0" timestamp="17 Jan 2018 02:56:39 GMT" time="9.656" errors="0">
  <testcase name="f" time="9.656" classname="com.test.Paytm"/>
</testsuite> <!-- com.test.Paytm -->
